0.00s - Debugger warning: It seems that frozen modules are being used, which may
0.00s - make the debugger miss breakpoints. Please pass -Xfrozen_modules=off
0.00s - to python to disable frozen modules.
0.00s - Note: Debugging will proceed. Set PYDEVD_DISABLE_FILE_VALIDATION=1 to disable this validation.
0.03s - Using GEVENT_SUPPORT: False
0.00s - Using GEVENT_SHOW_PAUSED_GREENLETS: False
0.00s - pydevd __file__: /Users/paul/Developer/brownrook/brownrook-idc/.ven313/lib/python3.13/site-packages/debugpy/_vendored/pydevd/pydevd.py
0.00s - Using PYDEVD_IPYTHON_COMPATIBLE_DEBUGGING: False
0.08s - pydevd: Use libraries filter: False

0.00s - IDE_PROJECT_ROOTS []

0.00s - Collecting default library roots.
0.00s - LIBRARY_ROOTS ['/Users/paul/Developer/brownrook/brownrook-idc/.ven313/lib/python3.13', '/Users/paul/Developer/brownrook/brownrook-idc/.ven313/lib/python3.13/site-packages', '/Users/paul/Library/Python/3.13/lib/python/site-packages', '/opt/homebrew/Cellar/python@3.13/3.13.12_1/Frameworks/Python.framework/Versions/3.13/lib/python3.13', '/opt/homebrew/opt/python@3.13/Frameworks/Python.framework/Versions/3.13/lib/python3.13']

0.00s - Apply debug mode: debugpy-dap
0.00s - Preimport: /Users/paul/Developer/brownrook/brownrook-idc/.ven313/lib/python3.13/site-packages;debugpy._vendored.force_pydevd
0.00s - Connecting to 127.0.0.1:62917
0.00s - Connected to: <socket.socket fd=12, family=2, type=1, proto=0, laddr=('127.0.0.1', 62919), raddr=('127.0.0.1', 62917)>.
0.00s - Applying patching to hide pydevd threads (Py3 version).
0.00s - Process PydevdAuthorizeRequest: {
    "arguments": {
        "debugServerAccessToken": "5f262a52c86f53f8c5426ccea92442c7be22b47dbe7c5b16b8f2241429ab6e2e"
    },
    "command": "pydevdAuthorize",
    "seq": 1,
    "type": "request"
}

0.00s - sending cmd (http_json) -->           CMD_RETURN {"type": "response", "request_seq": 1, "success": true, "command": "pydevdAuthorize", "body": {"clientAccessToken": null}, "seq": 2, "pydevd_cmd_id": 502}

0.00s - Process PydevdSystemInfoRequest: {
    "arguments": {},
    "command": "pydevdSystemInfo",
    "seq": 2,
    "type": "request"
}

0.00s - sending cmd (http_json) -->           CMD_RETURN {"type": "response", "request_seq": 2, "success": true, "command": "pydevdSystemInfo", "body": {"python": {"version": "3.13.12final0", "implementation": {"name": "cpython", "version": "3.13.12final0", "description": "CPython"}}, "platform": {"name": "darwin"}, "process": {"pid": 94134, "ppid": 88453, "executable": "/Users/paul/Developer/brownrook/brownrook-idc/.ven313/bin/python3.13", "bitness": 64}, "pydevd": {"usingCython": true, "usingFrameEval": false}}, "seq": 4, "pydevd_cmd_id": 502}

0.11s - SKIP set tracing of frame: /opt/homebrew/Cellar/python@3.13/3.13.12_1/Frameworks/Python.framework/Versions/3.13/lib/python3.13/threading.py - wait
0.00s - SKIP set tracing of frame: /opt/homebrew/Cellar/python@3.13/3.13.12_1/Frameworks/Python.framework/Versions/3.13/lib/python3.13/threading.py - wait
0.00s - SKIP set tracing of frame: /Users/paul/Developer/brownrook/brownrook-idc/.ven313/lib/python3.13/site-packages/debugpy/_vendored/pydevd/pydevd.py - _on_run
0.00s - SKIP set tracing of frame: /Users/paul/Developer/brownrook/brownrook-idc/.ven313/lib/python3.13/site-packages/debugpy/_vendored/pydevd/_pydevd_bundle/pydevd_daemon_thread.py - run
0.00s - SKIP set tracing of frame: /opt/homebrew/Cellar/python@3.13/3.13.12_1/Frameworks/Python.framework/Versions/3.13/lib/python3.13/threading.py - _bootstrap_inner
0.00s - SKIP set tracing of frame: /opt/homebrew/Cellar/python@3.13/3.13.12_1/Frameworks/Python.framework/Versions/3.13/lib/python3.13/threading.py - _bootstrap
0.00s - SKIP set tracing of frame: /opt/homebrew/Cellar/python@3.13/3.13.12_1/Frameworks/Python.framework/Versions/3.13/lib/python3.13/threading.py - wait
0.00s - SKIP set tracing of frame: /opt/homebrew/Cellar/python@3.13/3.13.12_1/Frameworks/Python.framework/Versions/3.13/lib/python3.13/threading.py - wait
0.00s - SKIP set tracing of frame: /Users/paul/Developer/brownrook/brownrook-idc/.ven313/lib/python3.13/site-packages/debugpy/_vendored/pydevd/pydevd.py - _on_run
0.00s - SKIP set tracing of frame: /Users/paul/Developer/brownrook/brownrook-idc/.ven313/lib/python3.13/site-packages/debugpy/_vendored/pydevd/_pydevd_bundle/pydevd_daemon_thread.py - run
0.00s - SKIP set tracing of frame: /opt/homebrew/Cellar/python@3.13/3.13.12_1/Frameworks/Python.framework/Versions/3.13/lib/python3.13/threading.py - _bootstrap_inner
0.00s - SKIP set tracing of frame: /opt/homebrew/Cellar/python@3.13/3.13.12_1/Frameworks/Python.framework/Versions/3.13/lib/python3.13/threading.py - _bootstrap
0.00s - SKIP set tracing of frame: /Users/paul/Developer/brownrook/brownrook-idc/.ven313/lib/python3.13/site-packages/debugpy/_vendored/pydevd/_pydevd_bundle/pydevd_comm.py - _read_line
0.00s - SKIP set tracing of frame: /Users/paul/Developer/brownrook/brownrook-idc/.ven313/lib/python3.13/site-packages/debugpy/_vendored/pydevd/_pydevd_bundle/pydevd_comm.py - _on_run
0.00s - SKIP set tracing of frame: /Users/paul/Developer/brownrook/brownrook-idc/.ven313/lib/python3.13/site-packages/debugpy/_vendored/pydevd/_pydevd_bundle/pydevd_daemon_thread.py - run
0.00s - SKIP set tracing of frame: /opt/homebrew/Cellar/python@3.13/3.13.12_1/Frameworks/Python.framework/Versions/3.13/lib/python3.13/threading.py - _bootstrap_inner
0.00s - SKIP set tracing of frame: /opt/homebrew/Cellar/python@3.13/3.13.12_1/Frameworks/Python.framework/Versions/3.13/lib/python3.13/threading.py - _bootstrap
0.00s - SKIP set tracing of frame: /opt/homebrew/Cellar/python@3.13/3.13.12_1/Frameworks/Python.framework/Versions/3.13/lib/python3.13/threading.py - wait
0.00s - SKIP set tracing of frame: /opt/homebrew/Cellar/python@3.13/3.13.12_1/Frameworks/Python.framework/Versions/3.13/lib/python3.13/queue.py - get
0.00s - SKIP set tracing of frame: /Users/paul/Developer/brownrook/brownrook-idc/.ven313/lib/python3.13/site-packages/debugpy/_vendored/pydevd/_pydevd_bundle/pydevd_comm.py - _on_run
0.00s - SKIP set tracing of frame: /Users/paul/Developer/brownrook/brownrook-idc/.ven313/lib/python3.13/site-packages/debugpy/_vendored/pydevd/_pydevd_bundle/pydevd_daemon_thread.py - run
0.00s - SKIP set tracing of frame: /opt/homebrew/Cellar/python@3.13/3.13.12_1/Frameworks/Python.framework/Versions/3.13/lib/python3.13/threading.py - _bootstrap_inner
0.00s - SKIP set tracing of frame: /opt/homebrew/Cellar/python@3.13/3.13.12_1/Frameworks/Python.framework/Versions/3.13/lib/python3.13/threading.py - _bootstrap
0.00s - SKIP set tracing of frame: /Users/paul/Developer/brownrook/brownrook-idc/.ven313/lib/python3.13/site-packages/debugpy/_vendored/pydevd/pydevd.py - set_tracing_for_untraced_contexts
0.00s - SKIP set tracing of frame: /Users/paul/Developer/brownrook/brownrook-idc/.ven313/lib/python3.13/site-packages/debugpy/_vendored/pydevd/pydevd.py - _locked_settrace
0.00s - SKIP set tracing of frame: /Users/paul/Developer/brownrook/brownrook-idc/.ven313/lib/python3.13/site-packages/debugpy/_vendored/pydevd/pydevd.py - settrace
0.00s - SKIP set tracing of frame: /Users/paul/Developer/brownrook/brownrook-idc/.ven313/lib/python3.13/site-packages/debugpy/server/api.py - _settrace
0.00s - SKIP set tracing of frame: /Users/paul/Developer/brownrook/brownrook-idc/.ven313/lib/python3.13/site-packages/debugpy/server/api.py - listen
0.00s - SKIP set tracing of frame: /Users/paul/Developer/brownrook/brownrook-idc/.ven313/lib/python3.13/site-packages/debugpy/server/api.py - debug
0.00s - SKIP set tracing of frame: /Users/paul/Developer/brownrook/brownrook-idc/.ven313/lib/python3.13/site-packages/debugpy/public_api.py - wrapper
0.00s - Set tracing of frame: /Users/paul/Developer/brownrook/brownrook-idc/app/main.py - <module>
0.00s - File traced: /Users/paul/Developer/brownrook/brownrook-idc/app/main.py (force_check_project_scope)
0.00s - SKIP set tracing of frame: <frozen importlib._bootstrap> - _call_with_frames_removed
0.00s - SKIP set tracing of frame: <frozen importlib._bootstrap_external> - exec_module
0.00s - SKIP set tracing of frame: <frozen importlib._bootstrap> - _load_unlocked
0.00s - SKIP set tracing of frame: <frozen importlib._bootstrap> - _find_and_load_unlocked
0.00s - SKIP set tracing of frame: <frozen importlib._bootstrap> - _find_and_load
0.00s - SKIP set tracing of frame: <frozen importlib._bootstrap> - _gcd_import
0.00s - Set tracing of frame: /opt/homebrew/Cellar/python@3.13/3.13.12_1/Frameworks/Python.framework/Versions/3.13/lib/python3.13/importlib/__init__.py - import_module
0.00s - File not traced (not in project): /opt/homebrew/Cellar/python@3.13/3.13.12_1/Frameworks/Python.framework/Versions/3.13/lib/python3.13/importlib/__init__.py
0.00s - Set tracing of frame: /Users/paul/Developer/brownrook/brownrook-idc/.ven313/lib/python3.13/site-packages/uvicorn/importer.py - import_from_string
0.00s - File not traced (not in project): /Users/paul/Developer/brownrook/brownrook-idc/.ven313/lib/python3.13/site-packages/uvicorn/importer.py
0.00s - Set tracing of frame: /Users/paul/Developer/brownrook/brownrook-idc/.ven313/lib/python3.13/site-packages/uvicorn/config.py - load
0.00s - File not traced (not in project): /Users/paul/Developer/brownrook/brownrook-idc/.ven313/lib/python3.13/site-packages/uvicorn/config.py
0.00s - Set tracing of frame: /Users/paul/Developer/brownrook/brownrook-idc/.ven313/lib/python3.13/site-packages/uvicorn/server.py - _serve
0.00s - File not traced (not in project): /Users/paul/Developer/brownrook/brownrook-idc/.ven313/lib/python3.13/site-packages/uvicorn/server.py
0.00s - Set tracing of frame: /Users/paul/Developer/brownrook/brownrook-idc/.ven313/lib/python3.13/site-packages/uvicorn/server.py - serve
0.00s - Set tracing of frame: /opt/homebrew/Cellar/python@3.13/3.13.12_1/Frameworks/Python.framework/Versions/3.13/lib/python3.13/asyncio/runners.py - run
0.00s - File not traced (not in project): /opt/homebrew/Cellar/python@3.13/3.13.12_1/Frameworks/Python.framework/Versions/3.13/lib/python3.13/asyncio/runners.py
0.00s - Set tracing of frame: /opt/homebrew/Cellar/python@3.13/3.13.12_1/Frameworks/Python.framework/Versions/3.13/lib/python3.13/asyncio/runners.py - run
0.00s - Set tracing of frame: /Users/paul/Developer/brownrook/brownrook-idc/.ven313/lib/python3.13/site-packages/uvicorn/server.py - run
0.00s - Set tracing of frame: /Users/paul/Developer/brownrook/brownrook-idc/.ven313/lib/python3.13/site-packages/uvicorn/main.py - run
0.00s - File not traced (not in project): /Users/paul/Developer/brownrook/brownrook-idc/.ven313/lib/python3.13/site-packages/uvicorn/main.py
0.00s - Set tracing of frame: /Users/paul/Developer/brownrook/brownrook-idc/.ven313/lib/python3.13/site-packages/uvicorn/main.py - main
0.00s - Set tracing of frame: /Users/paul/Developer/brownrook/brownrook-idc/.ven313/lib/python3.13/site-packages/click/core.py - invoke
0.00s - File not traced (not in project): /Users/paul/Developer/brownrook/brownrook-idc/.ven313/lib/python3.13/site-packages/click/core.py
0.00s - Set tracing of frame: /Users/paul/Developer/brownrook/brownrook-idc/.ven313/lib/python3.13/site-packages/click/core.py - invoke
0.00s - Set tracing of frame: /Users/paul/Developer/brownrook/brownrook-idc/.ven313/lib/python3.13/site-packages/click/core.py - main
0.00s - Set tracing of frame: /Users/paul/Developer/brownrook/brownrook-idc/.ven313/lib/python3.13/site-packages/click/core.py - __call__
0.00s - Set tracing of frame: /Users/paul/Developer/brownrook/brownrook-idc/.ven313/bin/uvicorn - <module>
0.00s - File traced: /Users/paul/Developer/brownrook/brownrook-idc/.ven313/bin/uvicorn (force_check_project_scope)
0.00s - SKIP set tracing of frame: /Users/paul/Developer/brownrook/brownrook-idc/.ven313/lib/python3.13/site-packages/debugpy/_vendored/pydevd/pydevd.py - settrace
0.00s - SKIP set tracing of frame: /Users/paul/Developer/brownrook/brownrook-idc/.ven313/lib/python3.13/site-packages/debugpy/server/api.py - _settrace
0.00s - SKIP set tracing of frame: /Users/paul/Developer/brownrook/brownrook-idc/.ven313/lib/python3.13/site-packages/debugpy/server/api.py - listen
0.00s - SKIP set tracing of frame: /Users/paul/Developer/brownrook/brownrook-idc/.ven313/lib/python3.13/site-packages/debugpy/server/api.py - debug
0.00s - SKIP set tracing of frame: /Users/paul/Developer/brownrook/brownrook-idc/.ven313/lib/python3.13/site-packages/debugpy/public_api.py - wrapper
0.00s - Set tracing of frame: /Users/paul/Developer/brownrook/brownrook-idc/app/main.py - <module>
0.00s - SKIP set tracing of frame: <frozen importlib._bootstrap> - _call_with_frames_removed
0.00s - SKIP set tracing of frame: <frozen importlib._bootstrap_external> - exec_module
0.00s - SKIP set tracing of frame: <frozen importlib._bootstrap> - _load_unlocked
0.00s - SKIP set tracing of frame: <frozen importlib._bootstrap> - _find_and_load_unlocked
0.00s - SKIP set tracing of frame: <frozen importlib._bootstrap> - _find_and_load
0.00s - SKIP set tracing of frame: <frozen importlib._bootstrap> - _gcd_import
0.00s - Set tracing of frame: /opt/homebrew/Cellar/python@3.13/3.13.12_1/Frameworks/Python.framework/Versions/3.13/lib/python3.13/importlib/__init__.py - import_module
0.00s - Set tracing of frame: /Users/paul/Developer/brownrook/brownrook-idc/.ven313/lib/python3.13/site-packages/uvicorn/importer.py - import_from_string
0.00s - Set tracing of frame: /Users/paul/Developer/brownrook/brownrook-idc/.ven313/lib/python3.13/site-packages/uvicorn/config.py - load
0.00s - Set tracing of frame: /Users/paul/Developer/brownrook/brownrook-idc/.ven313/lib/python3.13/site-packages/uvicorn/server.py - _serve
0.00s - Set tracing of frame: /Users/paul/Developer/brownrook/brownrook-idc/.ven313/lib/python3.13/site-packages/uvicorn/server.py - serve
0.00s - Set tracing of frame: /opt/homebrew/Cellar/python@3.13/3.13.12_1/Frameworks/Python.framework/Versions/3.13/lib/python3.13/asyncio/runners.py - run
0.00s - Set tracing of frame: /opt/homebrew/Cellar/python@3.13/3.13.12_1/Frameworks/Python.framework/Versions/3.13/lib/python3.13/asyncio/runners.py - run
0.00s - Set tracing of frame: /Users/paul/Developer/brownrook/brownrook-idc/.ven313/lib/python3.13/site-packages/uvicorn/server.py - run
0.00s - Set tracing of frame: /Users/paul/Developer/brownrook/brownrook-idc/.ven313/lib/python3.13/site-packages/uvicorn/main.py - run
0.00s - Set tracing of frame: /Users/paul/Developer/brownrook/brownrook-idc/.ven313/lib/python3.13/site-packages/uvicorn/main.py - main
0.00s - Set tracing of frame: /Users/paul/Developer/brownrook/brownrook-idc/.ven313/lib/python3.13/site-packages/click/core.py - invoke
0.00s - Set tracing of frame: /Users/paul/Developer/brownrook/brownrook-idc/.ven313/lib/python3.13/site-packages/click/core.py - invoke
0.00s - Set tracing of frame: /Users/paul/Developer/brownrook/brownrook-idc/.ven313/lib/python3.13/site-packages/click/core.py - main
0.00s - Set tracing of frame: /Users/paul/Developer/brownrook/brownrook-idc/.ven313/lib/python3.13/site-packages/click/core.py - __call__
0.00s - Set tracing of frame: /Users/paul/Developer/brownrook/brownrook-idc/.ven313/bin/uvicorn - <module>
