I+00000.012: macOS-26.2-arm64-arm-64bit-Mach-O arm64
             CPython 3.13.12 (64-bit)
             debugpy 1.8.20

I+00000.032: debugpy.adapter startup environment:
             
             System paths:
                 sys.executable: /Users/paul/Developer/brownrook/brownrook-idc/.ven313/bin/python3.13(/opt/homebrew/Cellar/python@3.13/3.13.12_1/Frameworks/Python.framework/Versions/3.13/bin/python3.13)
                 sys.prefix: /Users/paul/Developer/brownrook/brownrook-idc/.ven313
                 sys.base_prefix: /opt/homebrew/opt/python@3.13/Frameworks/Python.framework/Versions/3.13(/opt/homebrew/Cellar/python@3.13/3.13.12_1/Frameworks/Python.framework/Versions/3.13)
                 sys.real_prefix: <missing>
                 site.getsitepackages(): /Users/paul/Developer/brownrook/brownrook-idc/.ven313/lib/python3.13/site-packages
                 site.getusersitepackages(): /Users/paul/Library/Python/3.13/lib/python/site-packages
                 sys.path (site-packages): /Users/paul/Developer/brownrook/brownrook-idc/.ven313/lib/python3.13/site-packages
                 sysconfig.get_path('stdlib'): /opt/homebrew/opt/python@3.13/Frameworks/Python.framework/Versions/3.13/lib/python3.13(/opt/homebrew/Cellar/python@3.13/3.13.12_1/Frameworks/Python.framework/Versions/3.13/lib/python3.13)
                 sysconfig.get_path('platstdlib'): /Users/paul/Developer/brownrook/brownrook-idc/.ven313/lib/python3.13
                 sysconfig.get_path('purelib'): /Users/paul/Developer/brownrook/brownrook-idc/.ven313/lib/python3.13/site-packages
                 sysconfig.get_path('platlib'): /Users/paul/Developer/brownrook/brownrook-idc/.ven313/lib/python3.13/site-packages
                 sysconfig.get_path('include'): /opt/homebrew/opt/python@3.13/Frameworks/Python.framework/Versions/3.13/include/python3.13(/opt/homebrew/Cellar/python@3.13/3.13.12_1/Frameworks/Python.framework/Versions/3.13/include/python3.13)
                 sysconfig.get_path('scripts'): /Users/paul/Developer/brownrook/brownrook-idc/.ven313/bin
                 sysconfig.get_path('data'): /Users/paul/Developer/brownrook/brownrook-idc/.ven313
                 os.__file__: /opt/homebrew/Cellar/python@3.13/3.13.12_1/Frameworks/Python.framework/Versions/3.13/lib/python3.13/os.py
                 threading.__file__: /opt/homebrew/Cellar/python@3.13/3.13.12_1/Frameworks/Python.framework/Versions/3.13/lib/python3.13/threading.py
                 debugpy.__file__: /Users/paul/Developer/brownrook/brownrook-idc/.ven313/lib/python3.13/site-packages/debugpy/adapter/../../debugpy/__init__.py(/Users/paul/Developer/brownrook/brownrook-idc/.ven313/lib/python3.13/site-packages/debugpy/__init__.py)
             
             Installed packages:
                 anyio==4.12.1
                 click==8.3.1
                 fastapi==0.115.6
                 certifi==2026.1.4
                 uvicorn==0.34.0
                 websockets==16.0
                 pydantic==2.12.5
                 requests==2.32.3
                 cachetools==5.5.1
                 idna==3.11
                 debugpy==1.8.20
                 cffi==2.0.0
                 ecdsa==0.19.1
                 charset-normalizer==3.4.4
                 python-dotenv==1.0.1
                 watchfiles==1.1.1
                 python-jose==3.3.0
                 h11==0.16.0
                 pycparser==3.0
                 rsa==4.9.1
                 httptools==0.7.1
                 PyYAML==6.0.3
                 pydantic_core==2.41.5
                 urllib3==2.6.3
                 typing_extensions==4.15.0
                 pyasn1==0.6.2
                 pip==26.0.1
                 starlette==0.41.3
                 uvloop==0.22.1
                 typing-inspection==0.4.2
                 annotated-types==0.7.0
                 cryptography==46.0.5
                 six==1.17.0

I+00000.032: Listening for incoming Client connections on 127.0.0.1:5678...

I+00000.032: Listening for incoming Server connections on 127.0.0.1:62917...

I+00000.032: Sending endpoints info to debug server at localhost:62914:
             {
                 "client": {
                     "host": "127.0.0.1",
                     "port": 5678
                 },
                 "server": {
                     "host": "127.0.0.1",
                     "port": 62917
                 }
             }

I+00000.034: Accepted incoming Server connection from 127.0.0.1:62919.

D+00000.034: Starting message loop for channel Server[?]

D+00000.034: Server[?] <-- {
                 "seq": 1,
                 "type": "request",
                 "command": "pydevdAuthorize",
                 "arguments": {
                     "debugServerAccessToken": "5f262a52c86f53f8c5426ccea92442c7be22b47dbe7c5b16b8f2241429ab6e2e"
                 }
             }

D+00000.035: Server[?] --> {
                 "pydevd_cmd_id": 502,
                 "seq": 2,
                 "type": "response",
                 "request_seq": 1,
                 "success": true,
                 "command": "pydevdAuthorize",
                 "body": {
                     "clientAccessToken": null
                 }
             }

D+00000.035: Server[?] <-- {
                 "seq": 2,
                 "type": "request",
                 "command": "pydevdSystemInfo"
             }

D+00000.035: Server[?] --> {
                 "pydevd_cmd_id": 502,
                 "seq": 4,
                 "type": "response",
                 "request_seq": 2,
                 "success": true,
                 "command": "pydevdSystemInfo",
                 "body": {
                     "python": {
                         "version": "3.13.12final0",
                         "implementation": {
                             "name": "cpython",
                             "version": "3.13.12final0",
                             "description": "CPython"
                         }
                     },
                     "platform": {
                         "name": "darwin"
                     },
                     "process": {
                         "pid": 94134,
                         "ppid": 88453,
                         "executable": "/Users/paul/Developer/brownrook/brownrook-idc/.ven313/bin/python3.13",
                         "bitness": 64
                     },
                     "pydevd": {
                         "usingCython": true,
                         "usingFrameEval": false
                     }
                 }
             }

I+00000.036: No active debug session for parent process of Server[pid=94134].

D+00135.835: Exiting message loop for channel Server[pid=94134]: No more messages

D+00135.835: Closing Server[pid=94134] message stream

I+00135.836: All debug servers disconnected; waiting for remaining sessions...

I+00135.836: All debug sessions have ended; exiting.

I+00135.836: Not logging to "<stderr>" anymore.

